# JRE version: OpenJDK Runtime Environment (8.0_131-b11) (build 1.8.0_131-8u131-b11-2ubuntu1.16.04.3-b11)
# Java VM: OpenJDK 64-Bit Server VM (25.131-b11 mixed mode linux-amd64 compressed oops)
Heap:
 PSYoungGen      total 560128K, used 0K [0x00000000d9100000, 0x0000000100000000, 0x0000000100000000)
  eden space 518144K, 0% used [0x00000000d9100000,0x00000000d9100000,0x00000000f8b00000)
  from space 41984K, 0% used [0x00000000fd700000,0x00000000fd700000,0x0000000100000000)
  to   space 59904K, 0% used [0x00000000f8b00000,0x00000000f8b00000,0x00000000fc580000)
 ParOldGen       total 453120K, used 449468K [0x000000008b200000, 0x00000000a6c80000, 0x00000000d9100000)
  object space 453120K, 99% used [0x000000008b200000,0x00000000a68ef0d0,0x00000000a6c80000)
 Metaspace       used 6345K, capacity 6498K, committed 6656K, reserved 1056768K
  class space    used 695K, capacity 735K, committed 768K, reserved 1048576K
GC Heap History (10 events):
Event: 160.494 GC heap after
Heap after GC invocations=101 (full 3):
 PSYoungGen      total 549376K, used 5184K [0x00000000d9100000, 0x00000000fb700000, 0x0000000100000000)
  eden space 538624K, 0% used [0x00000000d9100000,0x00000000d9100000,0x00000000f9f00000)
  from space 10752K, 48% used [0x00000000fac80000,0x00000000fb190000,0x00000000fb700000)
  to   space 12288K, 0% used [0x00000000f9f00000,0x00000000f9f00000,0x00000000fab00000)
 ParOldGen       total 453120K, used 331790K [0x000000008b200000, 0x00000000a6c80000, 0x00000000d9100000)
  object space 453120K, 73% used [0x000000008b200000,0x000000009f6039e0,0x00000000a6c80000)
 Metaspace       used 6345K, capacity 6498K, committed 6656K, reserved 1056768K
  class space    used 695K, capacity 735K, committed 768K, reserved 1048576K
}
Event: 162.719 GC heap before
{Heap before GC invocations=102 (full 3):
 PSYoungGen      total 549376K, used 543808K [0x00000000d9100000, 0x00000000fb700000, 0x0000000100000000)
  eden space 538624K, 100% used [0x00000000d9100000,0x00000000f9f00000,0x00000000f9f00000)
  from space 10752K, 48% used [0x00000000fac80000,0x00000000fb190000,0x00000000fb700000)
  to   space 12288K, 0% used [0x00000000f9f00000,0x00000000f9f00000,0x00000000fab00000)
 ParOldGen       total 453120K, used 331790K [0x000000008b200000, 0x00000000a6c80000, 0x00000000d9100000)
  object space 453120K, 73% used [0x000000008b200000,0x000000009f6039e0,0x00000000a6c80000)
 Metaspace       used 6345K, capacity 6498K, committed 6656K, reserved 1056768K
  class space    used 695K, capacity 735K, committed 768K, reserved 1048576K
Event: 162.748 GC heap after
Heap after GC invocations=102 (full 3):
 PSYoungGen      total 550912K, used 5184K [0x00000000d9100000, 0x00000000fc200000, 0x0000000100000000)
  eden space 538624K, 0% used [0x00000000d9100000,0x00000000d9100000,0x00000000f9f00000)
  from space 12288K, 42% used [0x00000000f9f00000,0x00000000fa410000,0x00000000fab00000)
  to   space 11776K, 0% used [0x00000000fb680000,0x00000000fb680000,0x00000000fc200000)
 ParOldGen       total 453120K, used 332006K [0x000000008b200000, 0x00000000a6c80000, 0x00000000d9100000)
  object space 453120K, 73% used [0x000000008b200000,0x000000009f6399e0,0x00000000a6c80000)
 Metaspace       used 6345K, capacity 6498K, committed 6656K, reserved 1056768K
  class space    used 695K, capacity 735K, committed 768K, reserved 1048576K
}
Event: 164.986 GC heap before
{Heap before GC invocations=103 (full 3):
 PSYoungGen      total 550912K, used 543808K [0x00000000d9100000, 0x00000000fc200000, 0x0000000100000000)
  eden space 538624K, 100% used [0x00000000d9100000,0x00000000f9f00000,0x00000000f9f00000)
  from space 12288K, 42% used [0x00000000f9f00000,0x00000000fa410000,0x00000000fab00000)
  to   space 11776K, 0% used [0x00000000fb680000,0x00000000fb680000,0x00000000fc200000)
 ParOldGen       total 453120K, used 332006K [0x000000008b200000, 0x00000000a6c80000, 0x00000000d9100000)
  object space 453120K, 73% used [0x000000008b200000,0x000000009f6399e0,0x00000000a6c80000)
 Metaspace       used 6345K, capacity 6498K, committed 6656K, reserved 1056768K
  class space    used 695K, capacity 735K, committed 768K, reserved 1048576K
Event: 165.470 GC heap after
Heap after GC invocations=103 (full 3):
 PSYoungGen      total 547840K, used 11776K [0x00000000d9100000, 0x00000000fef80000, 0x0000000100000000)
  eden space 536064K, 0% used [0x00000000d9100000,0x00000000d9100000,0x00000000f9c80000)
  from space 11776K, 100% used [0x00000000fb680000,0x00000000fc200000,0x00000000fc200000)
  to   space 26624K, 0% used [0x00000000f9c80000,0x00000000f9c80000,0x00000000fb680000)
 ParOldGen       total 453120K, used 368054K [0x000000008b200000, 0x00000000a6c80000, 0x00000000d9100000)
  object space 453120K, 81% used [0x000000008b200000,0x00000000a196d9f0,0x00000000a6c80000)
 Metaspace       used 6345K, capacity 6498K, committed 6656K, reserved 1056768K
  class space    used 695K, capacity 735K, committed 768K, reserved 1048576K
}
Event: 169.418 GC heap before
{Heap before GC invocations=104 (full 3):
 PSYoungGen      total 547840K, used 547840K [0x00000000d9100000, 0x00000000fef80000, 0x0000000100000000)
  eden space 536064K, 100% used [0x00000000d9100000,0x00000000f9c80000,0x00000000f9c80000)
  from space 11776K, 100% used [0x00000000fb680000,0x00000000fc200000,0x00000000fc200000)
  to   space 26624K, 0% used [0x00000000f9c80000,0x00000000f9c80000,0x00000000fb680000)
 ParOldGen       total 453120K, used 368054K [0x000000008b200000, 0x00000000a6c80000, 0x00000000d9100000)
  object space 453120K, 81% used [0x000000008b200000,0x00000000a196d9f0,0x00000000a6c80000)
 Metaspace       used 6345K, capacity 6498K, committed 6656K, reserved 1056768K
  class space    used 695K, capacity 735K, committed 768K, reserved 1048576K
Event: 169.689 GC heap after
Heap after GC invocations=104 (full 3):
 PSYoungGen      total 562688K, used 26624K [0x00000000d9100000, 0x0000000100000000, 0x0000000100000000)
  eden space 536064K, 0% used [0x00000000d9100000,0x00000000d9100000,0x00000000f9c80000)
  from space 26624K, 100% used [0x00000000f9c80000,0x00000000fb680000,0x00000000fb680000)
  to   space 41984K, 0% used [0x00000000fd700000,0x00000000fd700000,0x0000000100000000)
 ParOldGen       total 453120K, used 396958K [0x000000008b200000, 0x00000000a6c80000, 0x00000000d9100000)
  object space 453120K, 87% used [0x000000008b200000,0x00000000a35a79f0,0x00000000a6c80000)
 Metaspace       used 6345K, capacity 6498K, committed 6656K, reserved 1056768K
  class space    used 695K, capacity 735K, committed 768K, reserved 1048576K
}
Event: 173.259 GC heap before
{Heap before GC invocations=105 (full 3):
 PSYoungGen      total 562688K, used 562688K [0x00000000d9100000, 0x0000000100000000, 0x0000000100000000)
  eden space 536064K, 100% used [0x00000000d9100000,0x00000000f9c80000,0x00000000f9c80000)
  from space 26624K, 100% used [0x00000000f9c80000,0x00000000fb680000,0x00000000fb680000)
  to   space 41984K, 0% used [0x00000000fd700000,0x00000000fd700000,0x0000000100000000)
 ParOldGen       total 453120K, used 396958K [0x000000008b200000, 0x00000000a6c80000, 0x00000000d9100000)
  object space 453120K, 87% used [0x000000008b200000,0x00000000a35a79f0,0x00000000a6c80000)
 Metaspace       used 6345K, capacity 6498K, committed 6656K, reserved 1056768K
  class space    used 695K, capacity 735K, committed 768K, reserved 1048576K
Event: 173.565 GC heap after
Heap after GC invocations=105 (full 3):
 PSYoungGen      total 560128K, used 41984K [0x00000000d9100000, 0x0000000100000000, 0x0000000100000000)
  eden space 518144K, 0% used [0x00000000d9100000,0x00000000d9100000,0x00000000f8b00000)
  from space 41984K, 100% used [0x00000000fd700000,0x0000000100000000,0x0000000100000000)
  to   space 59904K, 0% used [0x00000000f8b00000,0x00000000f8b00000,0x00000000fc580000)
 ParOldGen       total 453120K, used 425342K [0x000000008b200000, 0x00000000a6c80000, 0x00000000d9100000)
  object space 453120K, 93% used [0x000000008b200000,0x00000000a515f9f0,0x00000000a6c80000)
 Metaspace       used 6345K, capacity 6498K, committed 6656K, reserved 1056768K
  class space    used 695K, capacity 735K, committed 768K, reserved 1048576K
}
Event: 173.565 GC heap before
{Heap before GC invocations=106 (full 4):
 PSYoungGen      total 560128K, used 41984K [0x00000000d9100000, 0x0000000100000000, 0x0000000100000000)
  eden space 518144K, 0% used [0x00000000d9100000,0x00000000d9100000,0x00000000f8b00000)
  from space 41984K, 100% used [0x00000000fd700000,0x0000000100000000,0x0000000100000000)
  to   space 59904K, 0% used [0x00000000f8b00000,0x00000000f8b00000,0x00000000fc580000)
 ParOldGen       total 453120K, used 425342K [0x000000008b200000, 0x00000000a6c80000, 0x00000000d9100000)
  object space 453120K, 93% used [0x000000008b200000,0x00000000a515f9f0,0x00000000a6c80000)
 Metaspace       used 6345K, capacity 6498K, committed 6656K, reserved 1056768K
  class space    used 695K, capacity 735K, committed 768K, reserved 1048576K

